<?xml version="1.0" encoding="UTF-8"?>
<testsuite name="MainTest" tests="5" skipped="0" failures="0" errors="0" timestamp="2021-12-30T19:06:09" hostname="Imrons-MBP.fritz.box" time="0.106">
  <properties/>
  <testcase name="test_lines_of_file$U7Kotlin()" classname="MainTest" time="0.079"/>
  <testcase name="test_stringToHex()" classname="MainTest" time="0.014"/>
  <testcase name="test_decodeHex()" classname="MainTest" time="0.003"/>
  <testcase name="test_toSHA256_byteArray()" classname="MainTest" time="0.004"/>
  <testcase name="test_toSHA256()" classname="MainTest" time="0.003"/>
  <system-out><![CDATA[]]></system-out>
  <system-err><![CDATA[]]></system-err>
</testsuite>
